#! /c/Source/iverilog-install/bin/vvp
:ivl_version "12.0 (devel)" "(s20150603-1539-g2693dd32b)";
:ivl_delay_selection "TYPICAL";
:vpi_time_precision + 0;
:vpi_module "C:\iverilog\lib\ivl\system.vpi";
:vpi_module "C:\iverilog\lib\ivl\vhdl_sys.vpi";
:vpi_module "C:\iverilog\lib\ivl\vhdl_textio.vpi";
:vpi_module "C:\iverilog\lib\ivl\v2005_math.vpi";
:vpi_module "C:\iverilog\lib\ivl\va_math.vpi";
:vpi_module "C:\iverilog\lib\ivl\v2009.vpi";
S_0000028c98f0c0d0 .scope package, "$unit" "$unit" 2 1;
 .timescale 0 0;
S_0000028c98db2ca0 .scope module, "dataTypes_tb" "dataTypes_tb" 3 1;
 .timescale 0 0;
v0000028c98db2fc0_0 .var "a", 7 0;
v0000028c98db3060_0 .var "b", 7 0;
v0000028c98de3f90_0 .var "c", 7 0;
v0000028c98de4030_0 .var/2s "char", 31 0;
v0000028c98de40d0_0 .var "d", 7 0;
v0000028c98de4170_0 .var/str "e";
v0000028c98de4210_0 .var/2u "f", 31 0;
v0000028c98de42b0_0 .var/str "g";
S_0000028c98db2e30 .scope begin, "$ivl_for_loop0" "$ivl_for_loop0" 3 15, 3 15 0, S_0000028c98db2ca0;
 .timescale 0 0;
v0000028c98f0c260_0 .var/2s "i", 31 0;
    .scope S_0000028c98db2ca0;
T_0 ;
    %pushi/vec4 128, 0, 32;
    %store/vec4 v0000028c98de4210_0, 0, 32;
    %pushi/vec4 68, 0, 32; draw_string_vec4
    %store/vec4 v0000028c98de4030_0, 0, 32;
    %end;
    .thread T_0, $init;
    .scope S_0000028c98db2ca0;
T_1 ;
    %pushi/vec4 5, 0, 8;
    %store/vec4 v0000028c98db2fc0_0, 0, 8;
    %pushi/vec4 10, 0, 8;
    %store/vec4 v0000028c98db3060_0, 0, 8;
    %load/vec4 v0000028c98db2fc0_0;
    %load/vec4 v0000028c98db3060_0;
    %add;
    %store/vec4 v0000028c98de3f90_0, 0, 8;
    %load/vec4 v0000028c98de3f90_0;
    %load/vec4 v0000028c98db2fc0_0;
    %sub;
    %store/vec4 v0000028c98de40d0_0, 0, 8;
    %pushi/str "Hello";
    %store/str v0000028c98de42b0_0;
    %vpi_func/s 3 12 "$sformatf", "%0d", v0000028c98de4210_0 {0 0 0};
    %store/str v0000028c98de4170_0;
    %vpi_call/w 3 13 "$display", "a=%0d b=%0d c=%0d d=%d e=%0s f=0x%0h", v0000028c98db2fc0_0, v0000028c98db3060_0, v0000028c98de3f90_0, v0000028c98de40d0_0, v0000028c98de4170_0, v0000028c98de4210_0 {0 0 0};
    %vpi_func 0 0 "$ivl_string_method$len" 32, v0000028c98de4170_0 {0 0 0};
    %vpi_call/w 3 14 "$display", "Len: %0d", S<0,vec4,u32> {1 0 0};
    %fork t_1, S_0000028c98db2e30;
    %jmp t_0;
    .scope S_0000028c98db2e30;
t_1 ;
    %pushi/vec4 40, 0, 32;
    %store/vec4 v0000028c98f0c260_0, 0, 32;
T_1.0 ;
    %load/vec4 v0000028c98f0c260_0;
    %cmpi/s 50, 0, 32;
    %jmp/0xz T_1.1, 5;
    %load/vec4 v0000028c98de4030_0;
    %load/vec4 v0000028c98f0c260_0;
    %cmp/e;
    %jmp/0xz  T_1.2, 6;
    %vpi_call/w 3 17 "$display", "ASCII of A is %0d", v0000028c98f0c260_0 {0 0 0};
T_1.2 ;
    ; show_stmt_assign_vector: Get l-value for compressed += operand
    %load/vec4 v0000028c98f0c260_0;
    %pushi/vec4 1, 0, 32;
    %add;
    %cast2;
    %store/vec4 v0000028c98f0c260_0, 0, 32;
    %jmp T_1.0;
T_1.1 ;
    %end;
    .scope S_0000028c98db2ca0;
t_0 %join;
    %end;
    .thread T_1;
# The file index is used to find the file name in the following table.
:file_names 4;
    "N/A";
    "<interactive>";
    "-";
    "dataTypes.sv";
