#! /c/Source/iverilog-install/bin/vvp
:ivl_version "12.0 (devel)" "(s20150603-1539-g2693dd32b)";
:ivl_delay_selection "TYPICAL";
:vpi_time_precision + 0;
:vpi_module "C:\iverilog\lib\ivl\system.vpi";
:vpi_module "C:\iverilog\lib\ivl\vhdl_sys.vpi";
:vpi_module "C:\iverilog\lib\ivl\vhdl_textio.vpi";
:vpi_module "C:\iverilog\lib\ivl\v2005_math.vpi";
:vpi_module "C:\iverilog\lib\ivl\va_math.vpi";
:vpi_module "C:\iverilog\lib\ivl\v2009.vpi";
S_000001e26e41b0f0 .scope package, "$unit" "$unit" 2 1;
 .timescale 0 0;
S_000001e26e2a2ca0 .scope module, "events_mgmt" "events_mgmt" 3 1;
 .timescale 0 0;
E_000001e26e2d54a0 .event "ev1";
    .scope S_000001e26e2a2ca0;
T_0 ;
    %fork t_1, S_000001e26e2a2ca0;
    %fork t_2, S_000001e26e2a2ca0;
    %join;
    %join;
    %jmp t_0;
t_1 ;
    %delay 60, 0;
    %vpi_call/w 3 7 "$display", $time, "\011 Triggring Event" {0 0 0};
    %event E_000001e26e2d54a0;
    %end;
t_2 ;
    %vpi_call/w 3 11 "$display", $time, "\011 Waitingg for event trigger" {0 0 0};
    %delay 20, 0;
    %wait E_000001e26e2d54a0;
    %vpi_call/w 3 14 "$display", $time, "\011 Event Triggered" {0 0 0};
    %end;
    .scope S_000001e26e2a2ca0;
t_0 ;
    %end;
    .thread T_0;
    .scope S_000001e26e2a2ca0;
T_1 ;
    %delay 100, 0;
    %vpi_call/w 3 20 "$display", $time, "\011 Ending Simulation" {0 0 0};
    %end;
    .thread T_1;
# The file index is used to find the file name in the following table.
:file_names 4;
    "N/A";
    "<interactive>";
    "-";
    "events_mgmt.sv";
