#! /c/Source/iverilog-install/bin/vvp
:ivl_version "12.0 (devel)" "(s20150603-1539-g2693dd32b)";
:ivl_delay_selection "TYPICAL";
:vpi_time_precision + 0;
:vpi_module "C:\iverilog\lib\ivl\system.vpi";
:vpi_module "C:\iverilog\lib\ivl\vhdl_sys.vpi";
:vpi_module "C:\iverilog\lib\ivl\vhdl_textio.vpi";
:vpi_module "C:\iverilog\lib\ivl\v2005_math.vpi";
:vpi_module "C:\iverilog\lib\ivl\va_math.vpi";
:vpi_module "C:\iverilog\lib\ivl\v2009.vpi";
S_0000028d0f1b6d40 .scope package, "$unit" "$unit" 2 1;
 .timescale 0 0;
S_0000028d0f182ca0 .scope module, "printMsg" "printMsg" 3 1;
 .timescale 0 0;
v0000028d0f1b6ed0_0 .var/str "msg";
    .scope S_0000028d0f182ca0;
T_0 ;
    %pushi/str "Hello world!";
    %store/str v0000028d0f1b6ed0_0;
    %end;
    .thread T_0, $init;
    .scope S_0000028d0f182ca0;
T_1 ;
    %vpi_call/w 3 4 "$display", "Msg: %s", v0000028d0f1b6ed0_0 {0 0 0};
    %end;
    .thread T_1;
# The file index is used to find the file name in the following table.
:file_names 4;
    "N/A";
    "<interactive>";
    "-";
    "print.sv";
