#! /c/Source/iverilog-install/bin/vvp
:ivl_version "12.0 (devel)" "(s20150603-1539-g2693dd32b)";
:ivl_delay_selection "TYPICAL";
:vpi_time_precision + 0;
:vpi_module "C:\iverilog\lib\ivl\system.vpi";
:vpi_module "C:\iverilog\lib\ivl\vhdl_sys.vpi";
:vpi_module "C:\iverilog\lib\ivl\vhdl_textio.vpi";
:vpi_module "C:\iverilog\lib\ivl\v2005_math.vpi";
:vpi_module "C:\iverilog\lib\ivl\va_math.vpi";
:vpi_module "C:\iverilog\lib\ivl\v2009.vpi";
S_0000023070a0c160 .scope package, "$unit" "$unit" 2 1;
 .timescale 0 0;
S_0000023070a0a130 .scope module, "process_task" "process_task" 3 1;
 .timescale 0 0;
v0000023070bc1500_0 .var/2s "a", 31 0;
v0000023070bc15a0_0 .var/2s "b", 31 0;
v0000023070bc1640_0 .var/2s "c", 31 0;
S_0000023070a0b520 .scope function.vec2.u32, "f1" "f1" 3 15, 3 15 0, S_0000023070a0a130;
 .timescale 0 0;
; Variable f1 is bool return value of scope S_0000023070a0b520
v0000023070b7bcc0_0 .var/2s "x", 31 0;
v0000023070a0b6b0_0 .var/2s "y", 31 0;
v0000023070a0b750_0 .var/2s "z", 31 0;
TD_process_task.f1 ;
    %load/vec4 v0000023070b7bcc0_0;
    %load/vec4 v0000023070a0b750_0;
    %load/vec4 v0000023070a0b6b0_0;
    %sub;
    %add;
    %cast2;
    %ret/vec4 0, 0, 32;  Assign to f1 (store_vec4_to_lval)
    %end;
S_0000023070bc1000 .scope task, "t1" "t1" 3 3, 3 3 0, S_0000023070a0a130;
 .timescale 0 0;
v0000023070a0b7f0_0 .var/2s "x", 31 0;
v0000023070bc1190_0 .var/2s "y", 31 0;
TD_process_task.t1 ;
    %delay 10, 0;
    %load/vec4 v0000023070bc1500_0;
    %load/vec4 v0000023070bc15a0_0;
    %add;
    %vpi_call/w 3 6 "$display", "Sum: %0d", S<0,vec4,s32> {1 0 0};
    %end;
S_0000023070bc1230 .scope task, "t2" "t2" 3 9, 3 9 0, S_0000023070a0a130;
 .timescale 0 0;
v0000023070bc13c0_0 .var/2s "x", 31 0;
v0000023070bc1460_0 .var/2s "y", 31 0;
TD_process_task.t2 ;
    %delay 10, 0;
    %load/vec4 v0000023070bc1500_0;
    %load/vec4 v0000023070bc15a0_0;
    %sub;
    %vpi_call/w 3 12 "$display", "Difference: %0d", S<0,vec4,s32> {1 0 0};
    %end;
    .scope S_0000023070a0a130;
T_3 ;
    %pushi/vec4 37, 0, 32;
    %store/vec4 v0000023070bc1500_0, 0, 32;
    %pushi/vec4 8, 0, 32;
    %store/vec4 v0000023070bc15a0_0, 0, 32;
    %pushi/vec4 66, 0, 32;
    %store/vec4 v0000023070bc1640_0, 0, 32;
    %delay 10, 0;
    %vpi_call/w 3 23 "$display", "/***** Initial Values ****/" {0 0 0};
    %vpi_call/w 3 24 "$display", "a = %0d b = %0d c = %0d", v0000023070bc1500_0, v0000023070bc15a0_0, v0000023070bc1640_0 {0 0 0};
    %vpi_call/w 3 25 "$display", "/****FORK JOIN****/" {0 0 0};
    %fork t_1, S_0000023070a0a130;
    %fork t_2, S_0000023070a0a130;
    %join;
    %join;
    %jmp t_0;
t_1 ;
    %load/vec4 v0000023070bc1500_0;
    %store/vec4 v0000023070a0b7f0_0, 0, 32;
    %load/vec4 v0000023070bc15a0_0;
    %store/vec4 v0000023070bc1190_0, 0, 32;
    %fork TD_process_task.t1, S_0000023070bc1000;
    %join;
    %end;
t_2 ;
    %load/vec4 v0000023070bc1500_0;
    %store/vec4 v0000023070bc13c0_0, 0, 32;
    %load/vec4 v0000023070bc15a0_0;
    %store/vec4 v0000023070bc1460_0, 0, 32;
    %fork TD_process_task.t2, S_0000023070bc1230;
    %join;
    %end;
    .scope S_0000023070a0a130;
t_0 ;
    %load/vec4 v0000023070bc1500_0;
    %load/vec4 v0000023070bc15a0_0;
    %load/vec4 v0000023070bc1640_0;
    %store/vec4 v0000023070a0b750_0, 0, 32;
    %store/vec4 v0000023070a0b6b0_0, 0, 32;
    %store/vec4 v0000023070b7bcc0_0, 0, 32;
    %callf/vec4 TD_process_task.f1, S_0000023070a0b520;
    %vpi_call/w 3 30 "$display", "Sum & Differnce: %0d", S<0,vec4,s32> {1 0 0};
    %vpi_call/w 3 31 "$display", "/****FORK JOIN ANY****/" {0 0 0};
    %fork t_4, S_0000023070a0a130;
    %fork t_5, S_0000023070a0a130;
    %join;
    %join/detach 1;
    %jmp t_3;
t_4 ;
    %load/vec4 v0000023070bc1500_0;
    %store/vec4 v0000023070a0b7f0_0, 0, 32;
    %load/vec4 v0000023070bc15a0_0;
    %store/vec4 v0000023070bc1190_0, 0, 32;
    %fork TD_process_task.t1, S_0000023070bc1000;
    %join;
    %end;
t_5 ;
    %load/vec4 v0000023070bc1500_0;
    %store/vec4 v0000023070bc13c0_0, 0, 32;
    %load/vec4 v0000023070bc15a0_0;
    %store/vec4 v0000023070bc1460_0, 0, 32;
    %fork TD_process_task.t2, S_0000023070bc1230;
    %join;
    %end;
    .scope S_0000023070a0a130;
t_3 ;
    %load/vec4 v0000023070bc1500_0;
    %load/vec4 v0000023070bc15a0_0;
    %load/vec4 v0000023070bc1640_0;
    %store/vec4 v0000023070a0b750_0, 0, 32;
    %store/vec4 v0000023070a0b6b0_0, 0, 32;
    %store/vec4 v0000023070b7bcc0_0, 0, 32;
    %callf/vec4 TD_process_task.f1, S_0000023070a0b520;
    %vpi_call/w 3 36 "$display", "Sum & Differnce: %0d", S<0,vec4,s32> {1 0 0};
    %vpi_call/w 3 37 "$display", "/****FORK JOIN NONE****/" {0 0 0};
    %fork t_7, S_0000023070a0a130;
    %fork t_8, S_0000023070a0a130;
    %join/detach 2;
    %jmp t_6;
t_7 ;
    %load/vec4 v0000023070bc1500_0;
    %store/vec4 v0000023070a0b7f0_0, 0, 32;
    %load/vec4 v0000023070bc15a0_0;
    %store/vec4 v0000023070bc1190_0, 0, 32;
    %fork TD_process_task.t1, S_0000023070bc1000;
    %join;
    %end;
t_8 ;
    %load/vec4 v0000023070bc1500_0;
    %store/vec4 v0000023070bc13c0_0, 0, 32;
    %load/vec4 v0000023070bc15a0_0;
    %store/vec4 v0000023070bc1460_0, 0, 32;
    %fork TD_process_task.t2, S_0000023070bc1230;
    %join;
    %end;
    .scope S_0000023070a0a130;
t_6 ;
    %load/vec4 v0000023070bc1500_0;
    %load/vec4 v0000023070bc15a0_0;
    %load/vec4 v0000023070bc1640_0;
    %store/vec4 v0000023070a0b750_0, 0, 32;
    %store/vec4 v0000023070a0b6b0_0, 0, 32;
    %store/vec4 v0000023070b7bcc0_0, 0, 32;
    %callf/vec4 TD_process_task.f1, S_0000023070a0b520;
    %vpi_call/w 3 42 "$display", "Sum & Differnce: %0d", S<0,vec4,s32> {1 0 0};
    %end;
    .thread T_3;
# The file index is used to find the file name in the following table.
:file_names 4;
    "N/A";
    "<interactive>";
    "-";
    "process_tasks.sv";
