#! /c/Source/iverilog-install/bin/vvp
:ivl_version "12.0 (devel)" "(s20150603-1539-g2693dd32b)";
:ivl_delay_selection "TYPICAL";
:vpi_time_precision + 0;
:vpi_module "C:\iverilog\lib\ivl\system.vpi";
:vpi_module "C:\iverilog\lib\ivl\vhdl_sys.vpi";
:vpi_module "C:\iverilog\lib\ivl\vhdl_textio.vpi";
:vpi_module "C:\iverilog\lib\ivl\v2005_math.vpi";
:vpi_module "C:\iverilog\lib\ivl\va_math.vpi";
:vpi_module "C:\iverilog\lib\ivl\v2009.vpi";
S_000002cf391c83f0 .scope package, "$unit" "$unit" 2 1;
 .timescale 0 0;
C000002cf391ccff0  .class "mainClass" [1]
   0: "value", "sb32"
 ;
v000002cf393d2e60_0 .var/cobj "obj1";
v000002cf393d2f00_0 .var/cobj "obj2";
S_000002cf393d2b40 .scope class, "mainClass" "mainClass" 3 1, 3 1 0, S_000002cf391c83f0;
 .timescale 0 0;
S_000002cf393d2cd0 .scope autofunction.obj, "new" "new" 3 4, 3 4 0, S_000002cf393d2b40;
 .timescale 0 0;
v000002cf393d5610_0 .var/cobj "@";
v000002cf393d56b0_0 .var/2s "val", 31 0;
TD_$unit.mainClass.new ;
    %load/vec4 v000002cf393d56b0_0;
    %load/obj v000002cf393d5610_0;
    %store/prop/v 0, 32; Store in bool property value
    %pop/obj 1, 0;
    %end;
S_000002cf391c8580 .scope module, "shallow_copy_example" "shallow_copy_example" 3 13;
 .timescale 0 0;
    .scope S_000002cf391c8580;
T_1 ;
    %alloc S_000002cf393d2cd0;
    %new/cobj C000002cf391ccff0;
    %pushi/vec4 10, 0, 32;
    %store/vec4 v000002cf393d56b0_0, 0, 32;
    %store/obj v000002cf393d5610_0;
    %callf/obj TD_$unit.mainClass.new, S_000002cf393d2cd0;
    %load/obj v000002cf393d5610_0;
    %free S_000002cf393d2cd0;
    %store/obj v000002cf393d2e60_0;
    %new/cobj C000002cf391ccff0;
    %load/obj v000002cf393d2e60_0;
    %scopy;
    %store/obj v000002cf393d2f00_0;
    %vpi_call/w 3 19 "$display", "Author: MELVIN RIJOHN T" {0 0 0};
    %vpi_call/w 3 20 "$display", "Before modification:" {0 0 0};
    %load/obj v000002cf393d2e60_0;
    %prop/v 0;
    %pop/obj 1, 0;
    %vpi_call/w 3 21 "$display", "obj1 value = %0d", S<0,vec4,s32> {1 0 0};
    %load/obj v000002cf393d2f00_0;
    %prop/v 0;
    %pop/obj 1, 0;
    %vpi_call/w 3 22 "$display", "obj2 value = %0d", S<0,vec4,s32> {1 0 0};
    %pushi/vec4 20, 0, 32;
    %load/obj v000002cf393d2f00_0;
    %store/prop/v 0, 32; Store in bool property value
    %pop/obj 1, 0;
    %vpi_call/w 3 26 "$display", "\012After modifying obj2 value:" {0 0 0};
    %load/obj v000002cf393d2e60_0;
    %prop/v 0;
    %pop/obj 1, 0;
    %vpi_call/w 3 27 "$display", "obj1 value = %0d", S<0,vec4,s32> {1 0 0};
    %load/obj v000002cf393d2f00_0;
    %prop/v 0;
    %pop/obj 1, 0;
    %vpi_call/w 3 28 "$display", "obj2 value = %0d", S<0,vec4,s32> {1 0 0};
    %end;
    .thread T_1;
# The file index is used to find the file name in the following table.
:file_names 4;
    "N/A";
    "<interactive>";
    "-";
    "System_verilog\class_example.sv";
