#! /c/Source/iverilog-install/bin/vvp
:ivl_version "12.0 (devel)" "(s20150603-1539-g2693dd32b)";
:ivl_delay_selection "TYPICAL";
:vpi_time_precision + 0;
:vpi_module "C:\iverilog\lib\ivl\system.vpi";
:vpi_module "C:\iverilog\lib\ivl\vhdl_sys.vpi";
:vpi_module "C:\iverilog\lib\ivl\vhdl_textio.vpi";
:vpi_module "C:\iverilog\lib\ivl\v2005_math.vpi";
:vpi_module "C:\iverilog\lib\ivl\va_math.vpi";
:vpi_module "C:\iverilog\lib\ivl\v2009.vpi";
S_000002dc6bba6160 .scope package, "$unit" "$unit" 2 1;
 .timescale 0 0;
S_000002dc6bba62f0 .scope module, "d_latch_tb" "d_latch_tb" 3 20;
 .timescale 0 0;
v000002dc6bca6860_0 .var "d", 0 0;
v000002dc6bca6900_0 .var "en", 0 0;
v000002dc6bba3530_0 .net "q", 0 0, v000002dc6bcaa900_0;  1 drivers
v000002dc6bba35d0_0 .net "q_bar", 0 0, v000002dc6bca6720_0;  1 drivers
v000002dc6bba3670_0 .var "rst", 0 0;
S_000002dc6bca6590 .scope module, "dut" "d_latch" 3 24, 3 1 0, S_000002dc6bba62f0;
 .timescale 0 0;
    .port_info 0 /INPUT 1 "d";
    .port_info 1 /INPUT 1 "en";
    .port_info 2 /INPUT 1 "rst";
    .port_info 3 /OUTPUT 1 "q";
    .port_info 4 /OUTPUT 1 "q_bar";
v000002dc6bca6b90_0 .net "d", 0 0, v000002dc6bca6860_0;  1 drivers
v000002dc6bcabef0_0 .net "en", 0 0, v000002dc6bca6900_0;  1 drivers
v000002dc6bcaa900_0 .var "q", 0 0;
v000002dc6bca6720_0 .var "q_bar", 0 0;
v000002dc6bca67c0_0 .net "rst", 0 0, v000002dc6bba3670_0;  1 drivers
E_000002dc6bb94cf0 .event anyedge, v000002dc6bca67c0_0, v000002dc6bcabef0_0, v000002dc6bca6b90_0, v000002dc6bcaa900_0;
    .scope S_000002dc6bca6590;
T_0 ;
    %wait E_000002dc6bb94cf0;
    %load/vec4 v000002dc6bca67c0_0;
    %flag_set/vec4 8;
    %jmp/0xz  T_0.0, 8;
    %pushi/vec4 0, 0, 1;
    %store/vec4 v000002dc6bcaa900_0, 0, 1;
    %pushi/vec4 1, 0, 1;
    %store/vec4 v000002dc6bca6720_0, 0, 1;
    %jmp T_0.1;
T_0.0 ;
    %load/vec4 v000002dc6bcabef0_0;
    %flag_set/vec4 8;
    %jmp/0 T_0.2, 8;
    %load/vec4 v000002dc6bca6b90_0;
    %jmp/1 T_0.3, 8;
T_0.2 ; End of true expr.
    %load/vec4 v000002dc6bcaa900_0;
    %jmp/0 T_0.3, 8;
 ; End of false expr.
    %blend;
T_0.3;
    %store/vec4 v000002dc6bcaa900_0, 0, 1;
    %load/vec4 v000002dc6bcaa900_0;
    %inv;
    %store/vec4 v000002dc6bca6720_0, 0, 1;
T_0.1 ;
    %jmp T_0;
    .thread T_0, $push;
    .scope S_000002dc6bba62f0;
T_1 ;
    %vpi_call/w 3 26 "$dumpfile", "out.vcd" {0 0 0};
    %vpi_call/w 3 27 "$dumpvars" {0 0 0};
    %pushi/vec4 1, 0, 1;
    %store/vec4 v000002dc6bba3670_0, 0, 1;
    %pushi/vec4 1, 0, 1;
    %store/vec4 v000002dc6bca6900_0, 0, 1;
    %delay 10, 0;
    %pushi/vec4 0, 0, 1;
    %store/vec4 v000002dc6bba3670_0, 0, 1;
    %pushi/vec4 0, 0, 1;
    %store/vec4 v000002dc6bca6900_0, 0, 1;
    %pushi/vec4 0, 0, 1;
    %store/vec4 v000002dc6bca6860_0, 0, 1;
    %delay 10, 0;
    %pushi/vec4 0, 0, 1;
    %store/vec4 v000002dc6bba3670_0, 0, 1;
    %pushi/vec4 0, 0, 1;
    %store/vec4 v000002dc6bca6900_0, 0, 1;
    %pushi/vec4 1, 0, 1;
    %store/vec4 v000002dc6bca6860_0, 0, 1;
    %delay 10, 0;
    %pushi/vec4 0, 0, 1;
    %store/vec4 v000002dc6bba3670_0, 0, 1;
    %pushi/vec4 1, 0, 1;
    %store/vec4 v000002dc6bca6900_0, 0, 1;
    %pushi/vec4 0, 0, 1;
    %store/vec4 v000002dc6bca6860_0, 0, 1;
    %delay 10, 0;
    %pushi/vec4 0, 0, 1;
    %store/vec4 v000002dc6bba3670_0, 0, 1;
    %pushi/vec4 1, 0, 1;
    %store/vec4 v000002dc6bca6900_0, 0, 1;
    %pushi/vec4 1, 0, 1;
    %store/vec4 v000002dc6bca6860_0, 0, 1;
    %delay 10, 0;
    %end;
    .thread T_1;
# The file index is used to find the file name in the following table.
:file_names 4;
    "N/A";
    "<interactive>";
    "-";
    "behavioral\d_latch.v";
