#! /c/Source/iverilog-install/bin/vvp
:ivl_version "12.0 (devel)" "(s20150603-1539-g2693dd32b)";
:ivl_delay_selection "TYPICAL";
:vpi_time_precision + 0;
:vpi_module "C:\iverilog\lib\ivl\system.vpi";
:vpi_module "C:\iverilog\lib\ivl\vhdl_sys.vpi";
:vpi_module "C:\iverilog\lib\ivl\vhdl_textio.vpi";
:vpi_module "C:\iverilog\lib\ivl\v2005_math.vpi";
:vpi_module "C:\iverilog\lib\ivl\va_math.vpi";
:vpi_module "C:\iverilog\lib\ivl\v2009.vpi";
S_000001a5098fc170 .scope package, "$unit" "$unit" 2 1;
 .timescale 0 0;
S_000001a509937190 .scope module, "dataTypes_tb" "dataTypes_tb" 3 1;
 .timescale 0 0;
C000001a5098fef40  .class "Printer" [0]
 ;
v000001a509937800_0 .var "a", 7 0;
v000001a5099378a0_0 .var "b", 7 0;
v000001a509946d80_0 .var "c", 7 0;
v000001a509946e20_0 .var/cobj "console";
v000001a509942970_0 .var "d", 7 0;
v000001a509942a10_0 .var/str "e";
v000001a509942ab0_0 .var/2u "f", 31 0;
v000001a509942b50_0 .var/str "g";
v000001a509942bf0_0 .var/2u "rgb", 95 0;
v000001a509942c90_0 .var/2u "rgba", 127 0;
v000001a509942d30_0 .var/2u "some", 31 0;
S_000001a509912e30 .scope class, "Printer" "Printer" 3 25, 3 25 0, S_000001a509937190;
 .timescale 0 0;
S_000001a5099427e0 .scope autofunction.void, "log" "log" 3 26, 3 26 0, S_000001a509912e30;
 .timescale 0 0;
v000001a509912fc0_0 .var/cobj "@";
v000001a509913060_0 .var/str "msg";
TD_dataTypes_tb.Printer.log ;
    %vpi_call/w 3 27 "$display", v000001a509913060_0 {0 0 0};
    %end;
    .scope S_000001a509937190;
T_1 ;
    %pushi/vec4 128, 0, 32;
    %store/vec4 v000001a509942ab0_0, 0, 32;
    %end;
    .thread T_1, $init;
    .scope S_000001a509937190;
T_2 ;
    %pushi/vec4 5, 0, 8;
    %store/vec4 v000001a509937800_0, 0, 8;
    %pushi/vec4 10, 0, 8;
    %store/vec4 v000001a5099378a0_0, 0, 8;
    %load/vec4 v000001a509937800_0;
    %load/vec4 v000001a5099378a0_0;
    %add;
    %store/vec4 v000001a509946d80_0, 0, 8;
    %load/vec4 v000001a509946d80_0;
    %load/vec4 v000001a509937800_0;
    %sub;
    %store/vec4 v000001a509942970_0, 0, 8;
    %pushi/str "Hello";
    %store/str v000001a509942b50_0;
    %pushi/vec4 122, 0, 32;
    %ix/load 4, 64, 0;
    %flag_set/imm 4, 0;
    %store/vec4 v000001a509942bf0_0, 4, 32;
    %pushi/vec4 233, 0, 32;
    %ix/load 4, 32, 0;
    %flag_set/imm 4, 0;
    %store/vec4 v000001a509942bf0_0, 4, 32;
    %pushi/vec4 111, 0, 32;
    %ix/load 4, 0, 0;
    %flag_set/imm 4, 0;
    %store/vec4 v000001a509942bf0_0, 4, 32;
    %pushi/vec4 122, 0, 32;
    %ix/load 4, 96, 0;
    %flag_set/imm 4, 0;
    %store/vec4 v000001a509942c90_0, 4, 32;
    %pushi/vec4 233, 0, 32;
    %ix/load 4, 64, 0;
    %flag_set/imm 4, 0;
    %store/vec4 v000001a509942c90_0, 4, 32;
    %pushi/vec4 111, 0, 32;
    %ix/load 4, 32, 0;
    %flag_set/imm 4, 0;
    %store/vec4 v000001a509942c90_0, 4, 32;
    %pushi/vec4 120, 0, 32;
    %ix/load 4, 0, 0;
    %flag_set/imm 4, 0;
    %store/vec4 v000001a509942c90_0, 4, 32;
    %pushi/vec4 0, 0, 32;
    %ix/load 4, 0, 0;
    %flag_set/imm 4, 0;
    %store/vec4 v000001a509942d30_0, 4, 32;
    %vpi_func/s 3 51 "$sformatf", "%0d", v000001a509942ab0_0 {0 0 0};
    %store/str v000001a509942a10_0;
    %vpi_call/w 3 52 "$display", "a=%0d b=%0d c=%0d d=%d e=%0s f=0x%0h", v000001a509937800_0, v000001a5099378a0_0, v000001a509946d80_0, v000001a509942970_0, v000001a509942a10_0, v000001a509942ab0_0 {0 0 0};
    %vpi_func 0 0 "$ivl_string_method$len" 32, v000001a509942a10_0 {0 0 0};
    %vpi_call/w 3 53 "$display", "Len: %0d", S<0,vec4,u32> {1 0 0};
    %load/vec4 v000001a509942bf0_0;
    %parti/u 32, 64, 32;
    %load/vec4 v000001a509942bf0_0;
    %parti/u 32, 32, 32;
    %load/vec4 v000001a509942bf0_0;
    %parti/u 32, 0, 32;
    %vpi_call/w 3 54 "$display", "RGB: #%0h%0h%0h", S<2,vec4,s32>, S<1,vec4,s32>, S<0,vec4,s32> {3 0 0};
    %load/vec4 v000001a509942c90_0;
    %parti/u 32, 96, 32;
    %load/vec4 v000001a509942c90_0;
    %parti/u 32, 64, 32;
    %load/vec4 v000001a509942c90_0;
    %parti/u 32, 32, 32;
    %load/vec4 v000001a509942c90_0;
    %parti/u 32, 0, 32;
    %vpi_call/w 3 55 "$display", "RGBA: #%0h%0h%0h%0h", S<3,vec4,s32>, S<2,vec4,s32>, S<1,vec4,s32>, S<0,vec4,s32> {4 0 0};
    %load/vec4 v000001a509942d30_0;
    %parti/u 32, 0, 32;
    %load/vec4 v000001a509942d30_0;
    %parti/u 32, 0, 32;
    %vpi_call/w 3 56 "$display", "union: {i: %0d, s: %0d}", S<1,vec4,s32>, S<0,vec4,s32> {2 0 0};
    %pushi/vec4 255, 0, 32;
    %ix/load 4, 0, 0;
    %flag_set/imm 4, 0;
    %store/vec4 v000001a509942d30_0, 4, 32;
    %load/vec4 v000001a509942d30_0;
    %parti/u 32, 0, 32;
    %load/vec4 v000001a509942d30_0;
    %parti/u 32, 0, 32;
    %vpi_call/w 3 58 "$display", "union: {i: %0d, s: %0d}", S<1,vec4,s32>, S<0,vec4,s32> {2 0 0};
    %alloc S_000001a5099427e0;
    %load/obj v000001a509946e20_0;
    %store/obj v000001a509912fc0_0;
    %pushi/str "Hello World!";
    %store/str v000001a509913060_0;
    %callf/void TD_dataTypes_tb.Printer.log, S_000001a5099427e0;
    %free S_000001a5099427e0;
    %end;
    .thread T_2;
# The file index is used to find the file name in the following table.
:file_names 4;
    "N/A";
    "<interactive>";
    "-";
    "System_verilog\dataTypes.sv";
