#! /c/Source/iverilog-install/bin/vvp
:ivl_version "12.0 (devel)" "(s20150603-1539-g2693dd32b)";
:ivl_delay_selection "TYPICAL";
:vpi_time_precision + 0;
:vpi_module "C:\iverilog\lib\ivl\system.vpi";
:vpi_module "C:\iverilog\lib\ivl\vhdl_sys.vpi";
:vpi_module "C:\iverilog\lib\ivl\vhdl_textio.vpi";
:vpi_module "C:\iverilog\lib\ivl\v2005_math.vpi";
:vpi_module "C:\iverilog\lib\ivl\va_math.vpi";
:vpi_module "C:\iverilog\lib\ivl\v2009.vpi";
S_000001ad3b0cc030 .scope package, "$unit" "$unit" 2 1;
 .timescale 0 0;
S_000001ad3b0e2ca0 .scope module, "process_task" "process_task" 3 1;
 .timescale 0 0;
v000001ad3b162d20_0 .var/2s "a", 31 0;
v000001ad3b162dc0_0 .var/2s "b", 31 0;
v000001ad3b162e60_0 .var/2s "c", 31 0;
S_000001ad3b0e2e30 .scope function.vec2.u32, "f1" "f1" 3 15, 3 15 0, S_000001ad3b0e2ca0;
 .timescale 0 0;
; Variable f1 is bool return value of scope S_000001ad3b0e2e30
v000001ad3b0cc1c0_0 .var/2s "x", 31 0;
v000001ad3b0cc260_0 .var/2s "y", 31 0;
v000001ad3b0e2fc0_0 .var/2s "z", 31 0;
TD_process_task.f1 ;
    %load/vec4 v000001ad3b0cc1c0_0;
    %load/vec4 v000001ad3b0e2fc0_0;
    %load/vec4 v000001ad3b0cc260_0;
    %sub;
    %add;
    %cast2;
    %ret/vec4 0, 0, 32;  Assign to f1 (store_vec4_to_lval)
    %disable/flow S_000001ad3b0e2e30;
    %end;
S_000001ad3b162820 .scope task, "t1" "t1" 3 3, 3 3 0, S_000001ad3b0e2ca0;
 .timescale 0 0;
v000001ad3b0e3060_0 .var/2s "x", 31 0;
v000001ad3b1629b0_0 .var/2s "y", 31 0;
TD_process_task.t1 ;
    %delay 10, 0;
    %load/vec4 v000001ad3b162d20_0;
    %load/vec4 v000001ad3b162dc0_0;
    %add;
    %vpi_call/w 3 6 "$display", "Sum: %0d", S<0,vec4,s32> {1 0 0};
    %end;
S_000001ad3b162a50 .scope task, "t2" "t2" 3 9, 3 9 0, S_000001ad3b0e2ca0;
 .timescale 0 0;
v000001ad3b162be0_0 .var/2s "x", 31 0;
v000001ad3b162c80_0 .var/2s "y", 31 0;
TD_process_task.t2 ;
    %delay 10, 0;
    %load/vec4 v000001ad3b162d20_0;
    %load/vec4 v000001ad3b162dc0_0;
    %sub;
    %vpi_call/w 3 12 "$display", "Difference: %0d", S<0,vec4,s32> {1 0 0};
    %end;
    .scope S_000001ad3b0e2ca0;
T_3 ;
    %pushi/vec4 37, 0, 32;
    %store/vec4 v000001ad3b162d20_0, 0, 32;
    %pushi/vec4 8, 0, 32;
    %store/vec4 v000001ad3b162dc0_0, 0, 32;
    %pushi/vec4 66, 0, 32;
    %store/vec4 v000001ad3b162e60_0, 0, 32;
    %delay 10, 0;
    %vpi_call/w 3 23 "$display", "/***** Initial Values ****/" {0 0 0};
    %vpi_call/w 3 24 "$display", "a = %0d b = %0d c = %0d", v000001ad3b162d20_0, v000001ad3b162dc0_0, v000001ad3b162e60_0 {0 0 0};
    %vpi_call/w 3 25 "$display", "/****FORK JOIN****/" {0 0 0};
    %fork t_1, S_000001ad3b0e2ca0;
    %fork t_2, S_000001ad3b0e2ca0;
    %join;
    %join;
    %jmp t_0;
t_1 ;
    %load/vec4 v000001ad3b162d20_0;
    %store/vec4 v000001ad3b0e3060_0, 0, 32;
    %load/vec4 v000001ad3b162dc0_0;
    %store/vec4 v000001ad3b1629b0_0, 0, 32;
    %fork TD_process_task.t1, S_000001ad3b162820;
    %join;
    %end;
t_2 ;
    %load/vec4 v000001ad3b162d20_0;
    %store/vec4 v000001ad3b162be0_0, 0, 32;
    %load/vec4 v000001ad3b162dc0_0;
    %store/vec4 v000001ad3b162c80_0, 0, 32;
    %fork TD_process_task.t2, S_000001ad3b162a50;
    %join;
    %end;
    .scope S_000001ad3b0e2ca0;
t_0 ;
    %load/vec4 v000001ad3b162d20_0;
    %load/vec4 v000001ad3b162dc0_0;
    %load/vec4 v000001ad3b162e60_0;
    %store/vec4 v000001ad3b0e2fc0_0, 0, 32;
    %store/vec4 v000001ad3b0cc260_0, 0, 32;
    %store/vec4 v000001ad3b0cc1c0_0, 0, 32;
    %callf/vec4 TD_process_task.f1, S_000001ad3b0e2e30;
    %vpi_call/w 3 30 "$display", "Sum & Differnce: %0d", S<0,vec4,s32> {1 0 0};
    %vpi_call/w 3 31 "$display", "/****FORK JOIN ANY****/" {0 0 0};
    %fork t_4, S_000001ad3b0e2ca0;
    %fork t_5, S_000001ad3b0e2ca0;
    %join;
    %join/detach 1;
    %jmp t_3;
t_4 ;
    %load/vec4 v000001ad3b162d20_0;
    %store/vec4 v000001ad3b0e3060_0, 0, 32;
    %load/vec4 v000001ad3b162dc0_0;
    %store/vec4 v000001ad3b1629b0_0, 0, 32;
    %fork TD_process_task.t1, S_000001ad3b162820;
    %join;
    %end;
t_5 ;
    %load/vec4 v000001ad3b162d20_0;
    %store/vec4 v000001ad3b162be0_0, 0, 32;
    %load/vec4 v000001ad3b162dc0_0;
    %store/vec4 v000001ad3b162c80_0, 0, 32;
    %fork TD_process_task.t2, S_000001ad3b162a50;
    %join;
    %end;
    .scope S_000001ad3b0e2ca0;
t_3 ;
    %load/vec4 v000001ad3b162d20_0;
    %load/vec4 v000001ad3b162dc0_0;
    %load/vec4 v000001ad3b162e60_0;
    %store/vec4 v000001ad3b0e2fc0_0, 0, 32;
    %store/vec4 v000001ad3b0cc260_0, 0, 32;
    %store/vec4 v000001ad3b0cc1c0_0, 0, 32;
    %callf/vec4 TD_process_task.f1, S_000001ad3b0e2e30;
    %vpi_call/w 3 36 "$display", "Sum & Differnce: %0d", S<0,vec4,s32> {1 0 0};
    %vpi_call/w 3 37 "$display", "/****FORK JOIN NONE****/" {0 0 0};
    %fork t_7, S_000001ad3b0e2ca0;
    %fork t_8, S_000001ad3b0e2ca0;
    %join/detach 2;
    %jmp t_6;
t_7 ;
    %load/vec4 v000001ad3b162d20_0;
    %store/vec4 v000001ad3b0e3060_0, 0, 32;
    %load/vec4 v000001ad3b162dc0_0;
    %store/vec4 v000001ad3b1629b0_0, 0, 32;
    %fork TD_process_task.t1, S_000001ad3b162820;
    %join;
    %end;
t_8 ;
    %load/vec4 v000001ad3b162d20_0;
    %store/vec4 v000001ad3b162be0_0, 0, 32;
    %load/vec4 v000001ad3b162dc0_0;
    %store/vec4 v000001ad3b162c80_0, 0, 32;
    %fork TD_process_task.t2, S_000001ad3b162a50;
    %join;
    %end;
    .scope S_000001ad3b0e2ca0;
t_6 ;
    %load/vec4 v000001ad3b162d20_0;
    %load/vec4 v000001ad3b162dc0_0;
    %load/vec4 v000001ad3b162e60_0;
    %store/vec4 v000001ad3b0e2fc0_0, 0, 32;
    %store/vec4 v000001ad3b0cc260_0, 0, 32;
    %store/vec4 v000001ad3b0cc1c0_0, 0, 32;
    %callf/vec4 TD_process_task.f1, S_000001ad3b0e2e30;
    %vpi_call/w 3 42 "$display", "Sum & Differnce: %0d", S<0,vec4,s32> {1 0 0};
    %end;
    .thread T_3;
# The file index is used to find the file name in the following table.
:file_names 4;
    "N/A";
    "<interactive>";
    "-";
    "System_verilog\process_tasks.sv";
