#! /c/Source/iverilog-install/bin/vvp
:ivl_version "12.0 (devel)" "(s20150603-1539-g2693dd32b)";
:ivl_delay_selection "TYPICAL";
:vpi_time_precision + 0;
:vpi_module "C:\iverilog\lib\ivl\system.vpi";
:vpi_module "C:\iverilog\lib\ivl\vhdl_sys.vpi";
:vpi_module "C:\iverilog\lib\ivl\vhdl_textio.vpi";
:vpi_module "C:\iverilog\lib\ivl\v2005_math.vpi";
:vpi_module "C:\iverilog\lib\ivl\va_math.vpi";
:vpi_module "C:\iverilog\lib\ivl\v2009.vpi";
S_0000020ef9d1c020 .scope package, "$unit" "$unit" 2 1;
 .timescale 0 0;
C0000020ef9d1e8e0  .class "first" [1]
   0: "data", "sb32"
 ;
C0000020ef9d65fb0  .class "second" [2]
   0: "ds", "sb32"
   1: "f1", "o"
 ;
v0000020ef9d63d10_0 .var/cobj "f2";
v0000020ef9d63db0_0 .var/cobj "s1";
v0000020ef9d63e50_0 .var/cobj "s2";
S_0000020ef9d636d0 .scope class, "first" "first" 3 1, 3 1 0, S_0000020ef9d1c020;
 .timescale 0 0;
S_0000020ef9d63860 .scope autofunction.obj, "new@" "new@" 3 3, 3 3 0, S_0000020ef9d636d0;
 .timescale 0 0;
v0000020ef9d1c1b0_0 .var/cobj "@";
TD_$unit.first.new\x40 ;
    %pushi/vec4 12, 0, 32;
    %load/obj v0000020ef9d1c1b0_0;
    %store/prop/v 0, 32; Store in bool property data
    %pop/obj 1, 0;
    %end;
S_0000020ef9d639f0 .scope class, "second" "second" 3 5, 3 5 0, S_0000020ef9d1c020;
 .timescale 0 0;
S_0000020ef9d63b80 .scope autofunction.obj, "new" "new" 3 8, 3 8 0, S_0000020ef9d639f0;
 .timescale 0 0;
v0000020ef9d1c250_0 .var/cobj "@";
TD_$unit.second.new ;
    %pushi/vec4 1, 0, 32;
    %load/obj v0000020ef9d1c250_0;
    %store/prop/v 0, 32; Store in bool property ds
    %pop/obj 1, 0;
    %load/obj v0000020ef9d1c250_0;
    %alloc S_0000020ef9d63860;
    %new/cobj C0000020ef9d1e8e0;
    %store/obj v0000020ef9d1c1b0_0;
    %callf/obj TD_$unit.first.new\x40, S_0000020ef9d63860;
    %load/obj v0000020ef9d1c1b0_0;
    %free S_0000020ef9d63860;
    %store/prop/obj 1, 0; IVL_VT_CLASS
    %pop/obj 1, 0;
    %end;
S_0000020ef9d665d0 .scope module, "shallow_copy_tb" "shallow_copy_tb" 3 15;
 .timescale 0 0;
    .scope S_0000020ef9d665d0;
T_2 ;
    %alloc S_0000020ef9d63b80;
    %new/cobj C0000020ef9d65fb0;
    %store/obj v0000020ef9d1c250_0;
    %callf/obj TD_$unit.second.new, S_0000020ef9d63b80;
    %load/obj v0000020ef9d1c250_0;
    %free S_0000020ef9d63b80;
    %store/obj v0000020ef9d63db0_0;
    %pushi/vec4 25, 0, 32;
    %load/obj v0000020ef9d63db0_0;
    %store/prop/v 0, 32; Store in bool property ds
    %pop/obj 1, 0;
    %pushi/vec4 25, 0, 32;
    %load/obj v0000020ef9d63d10_0;
    %store/prop/v 0, 32; Store in bool property data
    %pop/obj 1, 0;
    %new/cobj C0000020ef9d65fb0;
    %load/obj v0000020ef9d63db0_0;
    %scopy;
    %store/obj v0000020ef9d63e50_0;
    %load/obj v0000020ef9d63db0_0;
    %prop/v 0;
    %pop/obj 1, 0;
    %vpi_call/w 3 22 "$display", "S1_DS: %0d", S<0,vec4,s32> {1 0 0};
    %pushi/vec4 46, 0, 32;
    %load/obj v0000020ef9d63e50_0;
    %store/prop/v 0, 32; Store in bool property ds
    %pop/obj 1, 0;
    %load/obj v0000020ef9d63db0_0;
    %prop/v 0;
    %pop/obj 1, 0;
    %vpi_call/w 3 24 "$display", "S1_DS: %0d", S<0,vec4,s32> {1 0 0};
    %pushi/vec4 20, 0, 32;
    %load/obj v0000020ef9d63e50_0;
    %prop/obj 1, 0; draw_lval_expr
    %pop/obj 1, 1;
    %store/prop/v 0, 32;
    %pop/obj 1, 0;
    %end;
    .thread T_2;
# The file index is used to find the file name in the following table.
:file_names 4;
    "N/A";
    "<interactive>";
    "-";
    "System_verilog\shallow_copy.sv";
