#! /c/Source/iverilog-install/bin/vvp
:ivl_version "12.0 (devel)" "(s20150603-1539-g2693dd32b)";
:ivl_delay_selection "TYPICAL";
:vpi_time_precision + 0;
:vpi_module "C:\iverilog\lib\ivl\system.vpi";
:vpi_module "C:\iverilog\lib\ivl\vhdl_sys.vpi";
:vpi_module "C:\iverilog\lib\ivl\vhdl_textio.vpi";
:vpi_module "C:\iverilog\lib\ivl\v2005_math.vpi";
:vpi_module "C:\iverilog\lib\ivl\va_math.vpi";
:vpi_module "C:\iverilog\lib\ivl\v2009.vpi";
S_000001ef0a00c170 .scope package, "$unit" "$unit" 2 1;
 .timescale 0 0;
S_000001ef09ec2ca0 .scope module, "APB_SLAVE" "APB_SLAVE" 3 1;
 .timescale 0 0;
    .port_info 0 /INPUT 1 "CLK";
    .port_info 1 /INPUT 1 "RST_N";
    .port_info 2 /INPUT 1 "PWRITE";
    .port_info 3 /INPUT 1 "PSEL";
    .port_info 4 /INPUT 1 "PEN";
    .port_info 5 /INPUT 8 "PADDR";
    .port_info 6 /INPUT 8 "PWDATA";
    .port_info 7 /OUTPUT 1 "PREADY";
    .port_info 8 /OUTPUT 1 "PSLVERR";
    .port_info 9 /OUTPUT 8 "PRDATA";
o000001ef09ef7fd8 .functor BUFZ 1, C4<z>; HiZ drive
v000001ef09ec3260_0 .net "CLK", 0 0, o000001ef09ef7fd8;  0 drivers
v000001ef09ec2ee0 .array "MEMORY", 7 0, 7 0;
o000001ef09ef8008 .functor BUFZ 8, C4<zzzzzzzz>; HiZ drive
v000001ef09ec2f80_0 .net "PADDR", 7 0, o000001ef09ef8008;  0 drivers
o000001ef09ef8038 .functor BUFZ 1, C4<z>; HiZ drive
v000001ef09ec3020_0 .net "PEN", 0 0, o000001ef09ef8038;  0 drivers
v000001ef09f3ac40_0 .var "PRDATA", 7 0;
v000001ef09f3ace0_0 .var "PREADY", 0 0;
o000001ef09ef80c8 .functor BUFZ 1, C4<z>; HiZ drive
v000001ef09f3ad80_0 .net "PSEL", 0 0, o000001ef09ef80c8;  0 drivers
v000001ef09f3ae20_0 .var "PSLVERR", 0 0;
o000001ef09ef8128 .functor BUFZ 8, C4<zzzzzzzz>; HiZ drive
v000001ef09f3aec0_0 .net "PWDATA", 7 0, o000001ef09ef8128;  0 drivers
o000001ef09ef8158 .functor BUFZ 1, C4<z>; HiZ drive
v000001ef09ef2df0_0 .net "PWRITE", 0 0, o000001ef09ef8158;  0 drivers
o000001ef09ef8188 .functor BUFZ 1, C4<z>; HiZ drive
v000001ef09ef2e90_0 .net "RST_N", 0 0, o000001ef09ef8188;  0 drivers
E_000001ef0a00c970 .event posedge, v000001ef09ec3260_0;
    .scope S_000001ef09ec2ca0;
T_0 ;
    %wait E_000001ef0a00c970;
    %load/vec4 v000001ef09ef2e90_0;
    %nor/r;
    %flag_set/vec4 8;
    %jmp/0xz  T_0.0, 8;
    %pushi/vec4 0, 0, 1;
    %assign/vec4 v000001ef09f3ace0_0, 0;
    %pushi/vec4 0, 0, 8;
    %assign/vec4 v000001ef09f3ac40_0, 0;
    %pushi/vec4 0, 0, 1;
    %assign/vec4 v000001ef09f3ae20_0, 0;
    %jmp T_0.1;
T_0.0 ;
    %load/vec4 v000001ef09f3ad80_0;
    %flag_set/vec4 8;
    %jmp/0xz  T_0.2, 8;
    %load/vec4 v000001ef09ec3020_0;
    %nor/r;
    %flag_set/vec4 8;
    %jmp/0xz  T_0.4, 8;
    %pushi/vec4 0, 0, 1;
    %assign/vec4 v000001ef09f3ace0_0, 0;
    %jmp T_0.5;
T_0.4 ;
    %pushi/vec4 1, 0, 1;
    %assign/vec4 v000001ef09f3ace0_0, 0;
    %load/vec4 v000001ef09ef2df0_0;
    %flag_set/vec4 8;
    %jmp/0xz  T_0.6, 8;
    %load/vec4 v000001ef09f3aec0_0;
    %ix/getv 3, v000001ef09ec2f80_0;
    %ix/load 4, 0, 0; Constant delay
    %assign/vec4/a/d v000001ef09ec2ee0, 0, 4;
    %jmp T_0.7;
T_0.6 ;
    %ix/getv 4, v000001ef09ec2f80_0;
    %load/vec4a v000001ef09ec2ee0, 4;
    %assign/vec4 v000001ef09f3ac40_0, 0;
T_0.7 ;
T_0.5 ;
    %jmp T_0.3;
T_0.2 ;
    %pushi/vec4 0, 0, 1;
    %assign/vec4 v000001ef09f3ace0_0, 0;
T_0.3 ;
T_0.1 ;
    %jmp T_0;
    .thread T_0;
# The file index is used to find the file name in the following table.
:file_names 4;
    "N/A";
    "<interactive>";
    "-";
    "APB\slave.sv";
