#! /c/Source/iverilog-install/bin/vvp
:ivl_version "12.0 (devel)" "(s20150603-1539-g2693dd32b)";
:ivl_delay_selection "TYPICAL";
:vpi_time_precision + 0;
:vpi_module "C:\iverilog\lib\ivl\system.vpi";
:vpi_module "C:\iverilog\lib\ivl\vhdl_sys.vpi";
:vpi_module "C:\iverilog\lib\ivl\vhdl_textio.vpi";
:vpi_module "C:\iverilog\lib\ivl\v2005_math.vpi";
:vpi_module "C:\iverilog\lib\ivl\va_math.vpi";
:vpi_module "C:\iverilog\lib\ivl\v2009.vpi";
S_000001c751776e30 .scope package, "$unit" "$unit" 2 1;
 .timescale 0 0;
S_000001c751742ca0 .scope module, "tb" "tb" 3 1;
 .timescale 0 0;
v000001c751742e30_0 .var/darray "arr", 32;
    .scope S_000001c751742ca0;
T_0 ;
    %ix/load 4, 3, 0;
    %flag_set/imm 4, 0;
    %new/darray 4, "sb32";
    %store/obj v000001c751742e30_0;
    %pushi/vec4 12, 0, 32;
    %ix/load 3, 0, 0;
    %flag_set/imm 4, 0;
    %store/dar/vec4 v000001c751742e30_0;
    %pushi/vec4 23, 0, 32;
    %ix/load 3, 1, 0;
    %flag_set/imm 4, 0;
    %store/dar/vec4 v000001c751742e30_0;
    %pushi/vec4 44, 0, 32;
    %ix/load 3, 2, 0;
    %flag_set/imm 4, 0;
    %store/dar/vec4 v000001c751742e30_0;
    %end;
    .thread T_0, $init;
    .scope S_000001c751742ca0;
T_1 ;
    %ix/load 3, 0, 0;
    %flag_set/imm 4, 0;
    %load/dar/vec4 v000001c751742e30_0;
    %vpi_call/w 3 4 "$display", "%0d", S<0,vec4,s32> {1 0 0};
    %end;
    .thread T_1;
# The file index is used to find the file name in the following table.
:file_names 4;
    "N/A";
    "<interactive>";
    "-";
    "System_verilog\tst.sv";
